<?xml version="1.0" encoding="utf-8"?><testsuites name="pytest tests"><testsuite name="pytest" errors="0" failures="0" skipped="0" tests="7" time="76.637" timestamp="2026-04-18T17:40:09.859034+00:00" hostname="agent-env-8bb89c69-0160-44fd-9657-1ba444c0afda"><testcase classname="tests.backend_test.TestHealthEndpoint" name="test_health_returns_200" time="0.163" /><testcase classname="tests.backend_test.TestHealthEndpoint" name="test_health_response_structure" time="0.104" /><testcase classname="tests.backend_test.TestGenerateKeyArt" name="test_generate_keyart_returns_200" time="15.039" /><testcase classname="tests.backend_test.TestGenerateKeyArt" name="test_generate_keyart_response_structure" time="14.126" /><testcase classname="tests.backend_test.TestGenerateKeyArt" name="test_generate_keyart_without_variant" time="30.610" /><testcase classname="tests.backend_test.TestMongoDBStorage" name="test_metadata_stored_without_base64" time="0.023" /><testcase classname="tests.backend_test.TestErrorHandling" name="test_generate_keyart_error_handling" time="16.408" /></testsuite></testsuites>