<?xml version="1.0" encoding="utf-8"?><testsuites name="pytest tests"><testsuite name="pytest" errors="0" failures="0" skipped="0" tests="11" time="1.818" timestamp="2026-04-18T18:01:39.895510+00:00" hostname="agent-env-8bb89c69-0160-44fd-9657-1ba444c0afda"><testcase classname="tests.backend_test.TestScoreEndpoints" name="test_submit_score_returns_200" time="0.183" /><testcase classname="tests.backend_test.TestScoreEndpoints" name="test_submit_score_response_structure" time="0.108" /><testcase classname="tests.backend_test.TestScoreEndpoints" name="test_submit_score_name_uppercased" time="0.104" /><testcase classname="tests.backend_test.TestScoreEndpoints" name="test_submit_score_name_trimmed_to_12_chars" time="0.138" /><testcase classname="tests.backend_test.TestScoreEndpoints" name="test_submit_score_empty_name_becomes_anon" time="0.113" /><testcase classname="tests.backend_test.TestScoreEndpoints" name="test_submit_score_whitespace_name_becomes_anon" time="0.165" /><testcase classname="tests.backend_test.TestScoreEndpoints" name="test_get_top_scores_returns_200" time="0.103" /><testcase classname="tests.backend_test.TestScoreEndpoints" name="test_get_top_scores_response_structure" time="0.174" /><testcase classname="tests.backend_test.TestScoreEndpoints" name="test_get_top_scores_sorted_descending" time="0.288" /><testcase classname="tests.backend_test.TestScoreEndpoints" name="test_get_top_scores_limit_parameter" time="0.150" /><testcase classname="tests.backend_test.TestScoreEndpoints" name="test_score_persisted_in_mongodb" time="0.115" /></testsuite></testsuites>